Using pre-set license
Built from '2020.3/staging' branch; Version is '2020.3.0f1 (c7b5465681fb) revision 13088070'; Using compiler version '192528614'; Build Type 'Release'
OS: 'Windows 10 Pro; OS build 19042.867; Version 2009; 64bit' Language: 'ja' Physical Memory: 65453 MB
BatchMode: 1, IsHumanControllingUs: 0, StartBugReporterOnCrash: 0, Is64bit: 1, IsPro: 0

 COMMAND LINE ARGUMENTS:
C:\Program Files\Unity\Hub\Editor\2020.3.0f1\Editor\Unity.exe
-adb2
-batchMode
-noUpm
-name
AssetImportWorker0
-projectPath
D:/OneDrive/02_Development/02_GItHub/01_Private/ShaderGraphCookBookSample
-logFile
Logs/AssetImportWorker0.log
-srvPort
50373
Successfully changed project path to: D:/OneDrive/02_Development/02_GItHub/01_Private/ShaderGraphCookBookSample
D:/OneDrive/02_Development/02_GItHub/01_Private/ShaderGraphCookBookSample
Using Asset Import Pipeline V2.
Refreshing native plugins compatible for Editor in 40.10 ms, found 3 plugins.
Preloading 0 native plugins for Editor in 0.00 ms.
Initialize engine version: 2020.3.0f1 (c7b5465681fb)
[Subsystems] Discovering subsystems at path C:/Program Files/Unity/Hub/Editor/2020.3.0f1/Editor/Data/Resources/UnitySubsystems
[Subsystems] Discovering subsystems at path D:/OneDrive/02_Development/02_GItHub/01_Private/ShaderGraphCookBookSample/Assets
GfxDevice: creating device client; threaded=0
Direct3D:
    Version:  Direct3D 11.0 [level 11.1]
    Renderer: NVIDIA GeForce RTX 2080 Ti (ID=0x1e07)
    Vendor:   
    VRAM:     11049 MB
    Driver:   27.21.14.5671
Initialize mono
Mono path[0] = 'C:/Program Files/Unity/Hub/Editor/2020.3.0f1/Editor/Data/Managed'
Mono path[1] = 'C:/Program Files/Unity/Hub/Editor/2020.3.0f1/Editor/Data/MonoBleedingEdge/lib/mono/unityjit'
Mono config path = 'C:/Program Files/Unity/Hub/Editor/2020.3.0f1/Editor/Data/MonoBleedingEdge/etc'
Using monoOptions --debugger-agent=transport=dt_socket,embedding=1,server=y,suspend=n,address=127.0.0.1:56504
Begin MonoManager ReloadAssembly
Registering precompiled unity dll's ...
Register platform support module: C:/Program Files/Unity/Hub/Editor/2020.3.0f1/Editor/Data/PlaybackEngines/WindowsStandaloneSupport/UnityEditor.WindowsStandalone.Extensions.dll
Registered in 0.001725 seconds.
Native extension for WindowsStandalone target not found
Refreshing native plugins compatible for Editor in 39.44 ms, found 3 plugins.
Preloading 0 native plugins for Editor in 0.00 ms.
Invoked RoslynAnalysisRunner static constructor.
RoslynAnalysisRunner will not be running.
RoslynAnalysisRunner has terminated.
Mono: successfully reloaded assembly
- Completed reload, in  1.476 seconds
Platform modules already initialized, skipping
Registering precompiled user dll's ...
Registered in 0.001707 seconds.
Begin MonoManager ReloadAssembly
Native extension for WindowsStandalone target not found
Refreshing native plugins compatible for Editor in 42.26 ms, found 3 plugins.
Preloading 0 native plugins for Editor in 0.00 ms.
Invoked RoslynAnalysisRunner static constructor.
RoslynAnalysisRunner will not be running.
RoslynAnalysisRunner has terminated.
Mono: successfully reloaded assembly
- Completed reload, in  0.783 seconds
Platform modules already initialized, skipping
========================================================================
Worker process is ready to serve import requests
Shader 'Universal Render Pipeline/Particles/Lit': fallback shader 'Universal Render Pipeline/Particles/SimpleLit' not found
Shader 'Universal Render Pipeline/Particles/Lit': fallback shader 'Universal Render Pipeline/Particles/SimpleLit' not found
Launched and connected shader compiler UnityShaderCompiler.exe after 0.04 seconds
Refreshing native plugins compatible for Editor in 0.50 ms, found 3 plugins.
Preloading 0 native plugins for Editor in 0.00 ms.
Unloading 2581 Unused Serialized files (Serialized files now loaded: 0)
System memory in use before: 124.8 MB.
System memory in use after: 122.6 MB.

Unloading 49 unused Assets to reduce memory usage. Loaded Objects now: 2989.
Total: 3.539900 ms (FindLiveObjects: 0.341100 ms CreateObjectMapping: 0.072500 ms MarkObjects: 1.990000 ms  DeleteObjects: 1.135500 ms)

========================================================================
Received Import Request.
  path: Assets/_SampleData/Textures/Noise_1.png
  artifactKey: Guid(92507553d9d7f384089bd6fad5eae50f) Importer(815301076,1909f56bfc062723c751e8b465ee728b)
Start importing Assets/_SampleData/Textures/Noise_1.png using Guid(92507553d9d7f384089bd6fad5eae50f) Importer(815301076,1909f56bfc062723c751e8b465ee728b)  -> (artifact id: '01e878a9235bd9bb27c11bba9d43d66a') in 0.057172 seconds
  Import took 0.062730 seconds .

========================================================================
Received Import Request.
  Time since last request: 8.270603 seconds.
  path: Assets/_SampleData/Textures/Noise_1.png
  artifactKey: Guid(92507553d9d7f384089bd6fad5eae50f) Importer(815301076,1909f56bfc062723c751e8b465ee728b)
Start importing Assets/_SampleData/Textures/Noise_1.png using Guid(92507553d9d7f384089bd6fad5eae50f) Importer(815301076,1909f56bfc062723c751e8b465ee728b)  -> (artifact id: '597271a86cf431526a08aa1ab37f4bc9') in 0.011893 seconds
  Import took 0.029964 seconds .

AssetImportWorkerClient::OnTransportError - code=2 error=End of file
