Using pre-set license
Built from '2020.3/staging' branch; Version is '2020.3.0f1 (c7b5465681fb) revision 13088070'; Using compiler version '192528614'; Build Type 'Release'
OS: 'Windows 10 Pro; OS build 19042.867; Version 2009; 64bit' Language: 'ja' Physical Memory: 65453 MB
BatchMode: 1, IsHumanControllingUs: 0, StartBugReporterOnCrash: 0, Is64bit: 1, IsPro: 0

 COMMAND LINE ARGUMENTS:
C:\Program Files\Unity\Hub\Editor\2020.3.0f1\Editor\Unity.exe
-adb2
-batchMode
-noUpm
-name
AssetImportWorker0
-projectPath
D:/OneDrive/02_Development/02_GItHub/01_Private/ShaderGraphCookBookSample
-logFile
Logs/AssetImportWorker0.log
-srvPort
57476
Successfully changed project path to: D:/OneDrive/02_Development/02_GItHub/01_Private/ShaderGraphCookBookSample
D:/OneDrive/02_Development/02_GItHub/01_Private/ShaderGraphCookBookSample
Using Asset Import Pipeline V2.
Refreshing native plugins compatible for Editor in 40.28 ms, found 3 plugins.
Preloading 0 native plugins for Editor in 0.00 ms.
Initialize engine version: 2020.3.0f1 (c7b5465681fb)
[Subsystems] Discovering subsystems at path C:/Program Files/Unity/Hub/Editor/2020.3.0f1/Editor/Data/Resources/UnitySubsystems
[Subsystems] Discovering subsystems at path D:/OneDrive/02_Development/02_GItHub/01_Private/ShaderGraphCookBookSample/Assets
GfxDevice: creating device client; threaded=0
Direct3D:
    Version:  Direct3D 11.0 [level 11.1]
    Renderer: NVIDIA GeForce RTX 2080 Ti (ID=0x1e07)
    Vendor:   
    VRAM:     11049 MB
    Driver:   27.21.14.5671
Initialize mono
Mono path[0] = 'C:/Program Files/Unity/Hub/Editor/2020.3.0f1/Editor/Data/Managed'
Mono path[1] = 'C:/Program Files/Unity/Hub/Editor/2020.3.0f1/Editor/Data/MonoBleedingEdge/lib/mono/unityjit'
Mono config path = 'C:/Program Files/Unity/Hub/Editor/2020.3.0f1/Editor/Data/MonoBleedingEdge/etc'
Using monoOptions --debugger-agent=transport=dt_socket,embedding=1,server=y,suspend=n,address=127.0.0.1:56064
Begin MonoManager ReloadAssembly
Registering precompiled unity dll's ...
Register platform support module: C:/Program Files/Unity/Hub/Editor/2020.3.0f1/Editor/Data/PlaybackEngines/WindowsStandaloneSupport/UnityEditor.WindowsStandalone.Extensions.dll
Registered in 0.001727 seconds.
Native extension for WindowsStandalone target not found
Refreshing native plugins compatible for Editor in 41.75 ms, found 3 plugins.
Preloading 0 native plugins for Editor in 0.00 ms.
Invoked RoslynAnalysisRunner static constructor.
RoslynAnalysisRunner will not be running.
RoslynAnalysisRunner has terminated.
Mono: successfully reloaded assembly
- Completed reload, in  1.548 seconds
Platform modules already initialized, skipping
Registering precompiled user dll's ...
Registered in 0.002149 seconds.
Begin MonoManager ReloadAssembly
Native extension for WindowsStandalone target not found
Refreshing native plugins compatible for Editor in 42.92 ms, found 3 plugins.
Preloading 0 native plugins for Editor in 0.00 ms.
Invoked RoslynAnalysisRunner static constructor.
RoslynAnalysisRunner will not be running.
RoslynAnalysisRunner has terminated.
Mono: successfully reloaded assembly
- Completed reload, in  0.802 seconds
Platform modules already initialized, skipping
========================================================================
Worker process is ready to serve import requests
Shader 'Universal Render Pipeline/Particles/Lit': fallback shader 'Universal Render Pipeline/Particles/SimpleLit' not found
Shader 'Universal Render Pipeline/Particles/Lit': fallback shader 'Universal Render Pipeline/Particles/SimpleLit' not found
Launched and connected shader compiler UnityShaderCompiler.exe after 0.05 seconds
Refreshing native plugins compatible for Editor in 0.51 ms, found 3 plugins.
Preloading 0 native plugins for Editor in 0.00 ms.
Unloading 2580 Unused Serialized files (Serialized files now loaded: 0)
System memory in use before: 124.2 MB.
System memory in use after: 122.1 MB.

Unloading 49 unused Assets to reduce memory usage. Loaded Objects now: 2988.
Total: 3.429300 ms (FindLiveObjects: 0.405700 ms CreateObjectMapping: 0.086300 ms MarkObjects: 1.819800 ms  DeleteObjects: 1.116400 ms)

========================================================================
Received Import Request.
  path: Assets/_SampleData/ShaderSamples/07_UIClipAnimation/Texture/ok-ring.png
  artifactKey: Guid(e2190a19e5876604bb31fbcd414195bc) Importer(815301076,1909f56bfc062723c751e8b465ee728b)
Start importing Assets/_SampleData/ShaderSamples/07_UIClipAnimation/Texture/ok-ring.png using Guid(e2190a19e5876604bb31fbcd414195bc) Importer(815301076,1909f56bfc062723c751e8b465ee728b)  -> (artifact id: 'ea89d7d088db322ee263fc337dc4d87d') in 0.059785 seconds
  Import took 0.065823 seconds .

========================================================================
Received Import Request.
  Time since last request: 2511.306087 seconds.
  path: Assets/_SampleData/ShaderSamples/06_Patterns/Shader/ScrollStripe.shadergraph
  artifactKey: Guid(156985b3b600ddd4d82e5b064704a88c) Importer(815301076,1909f56bfc062723c751e8b465ee728b)
Start importing Assets/_SampleData/ShaderSamples/06_Patterns/Shader/ScrollStripe.shadergraph using Guid(156985b3b600ddd4d82e5b064704a88c) Importer(815301076,1909f56bfc062723c751e8b465ee728b)  -> (artifact id: 'e1118c7056e66640231163460e7881a5') in 0.013148 seconds
  Import took 0.019492 seconds .

========================================================================
Received Import Request.
  Time since last request: 4.711367 seconds.
  path: Assets/_SampleData/ShaderSamples/06_Patterns/Shader/HexScanline02.shadergraph
  artifactKey: Guid(402e5a91aca02374cbdaa96b2013e5ef) Importer(815301076,1909f56bfc062723c751e8b465ee728b)
Start importing Assets/_SampleData/ShaderSamples/06_Patterns/Shader/HexScanline02.shadergraph using Guid(402e5a91aca02374cbdaa96b2013e5ef) Importer(815301076,1909f56bfc062723c751e8b465ee728b)  -> (artifact id: '869a024a8bb6e9b94199606cc2e98cdd') in 0.007237 seconds
  Import took 0.013393 seconds .

========================================================================
Received Import Request.
  Time since last request: 12.307511 seconds.
  path: Assets/_SampleData/ShaderSamples/06_Patterns/Shader/ScrollStripe 1.shadergraph
  artifactKey: Guid(ab21d6731cb0cd3499603a1dc295fa88) Importer(815301076,1909f56bfc062723c751e8b465ee728b)
Start importing Assets/_SampleData/ShaderSamples/06_Patterns/Shader/ScrollStripe 1.shadergraph using Guid(ab21d6731cb0cd3499603a1dc295fa88) Importer(815301076,1909f56bfc062723c751e8b465ee728b)  -> (artifact id: '3a2517b323b1c7de3d887cd9a499dfb3') in 0.007151 seconds
  Import took 0.013343 seconds .

========================================================================
Received Import Request.
  Time since last request: 2.190800 seconds.
  path: Assets/_SampleData/ShaderSamples/06_Patterns/Shader/Heart.shadergraph
  artifactKey: Guid(ab21d6731cb0cd3499603a1dc295fa88) Importer(815301076,1909f56bfc062723c751e8b465ee728b)
Start importing Assets/_SampleData/ShaderSamples/06_Patterns/Shader/Heart.shadergraph using Guid(ab21d6731cb0cd3499603a1dc295fa88) Importer(815301076,1909f56bfc062723c751e8b465ee728b)  -> (artifact id: 'f30b67df21a6451d1e928b6626b1af20') in 0.007203 seconds
  Import took 0.012967 seconds .

========================================================================
Received Import Request.
  Time since last request: 517.097902 seconds.
  path: Assets/_SampleData/ShaderSamples/06_Patterns/Shader/HeartGradient.shadergraph
  artifactKey: Guid(ab21d6731cb0cd3499603a1dc295fa88) Importer(815301076,1909f56bfc062723c751e8b465ee728b)
Start importing Assets/_SampleData/ShaderSamples/06_Patterns/Shader/HeartGradient.shadergraph using Guid(ab21d6731cb0cd3499603a1dc295fa88) Importer(815301076,1909f56bfc062723c751e8b465ee728b)  -> (artifact id: '5f2afc4af300687980642c5262ccf607') in 0.007302 seconds
  Import took 0.013420 seconds .

========================================================================
Received Import Request.
  Time since last request: 32.423471 seconds.
  path: Assets/_SampleData/ShaderSamples/06_Patterns/Textures/heart-gradient.png
  artifactKey: Guid(cc0886c4ea4601a4180900b749585acb) Importer(815301076,1909f56bfc062723c751e8b465ee728b)
Start importing Assets/_SampleData/ShaderSamples/06_Patterns/Textures/heart-gradient.png using Guid(cc0886c4ea4601a4180900b749585acb) Importer(815301076,1909f56bfc062723c751e8b465ee728b)  -> (artifact id: '17bb803dc360f690ed01200eb9b87fdd') in 0.015315 seconds
  Import took 0.021287 seconds .

========================================================================
Received Import Request.
  Time since last request: 6.641373 seconds.
  path: Assets/_SampleData/ShaderSamples/06_Patterns/Textures/heart-gradient.png
  artifactKey: Guid(cc0886c4ea4601a4180900b749585acb) Importer(815301076,1909f56bfc062723c751e8b465ee728b)
Start importing Assets/_SampleData/ShaderSamples/06_Patterns/Textures/heart-gradient.png using Guid(cc0886c4ea4601a4180900b749585acb) Importer(815301076,1909f56bfc062723c751e8b465ee728b)  -> (artifact id: '185e11141c47b742314d45b66a8d9dd9') in 0.011030 seconds
  Import took 0.017108 seconds .

========================================================================
Received Import Request.
  Time since last request: 143.870718 seconds.
  path: Assets/_SampleData/ShaderSamples/06_Patterns/Shader/HeartGradient.shadergraph
  artifactKey: Guid(ab21d6731cb0cd3499603a1dc295fa88) Importer(815301076,1909f56bfc062723c751e8b465ee728b)
Start importing Assets/_SampleData/ShaderSamples/06_Patterns/Shader/HeartGradient.shadergraph using Guid(ab21d6731cb0cd3499603a1dc295fa88) Importer(815301076,1909f56bfc062723c751e8b465ee728b)  -> (artifact id: '459a291233bec5b076952bc9de14081e') in 0.003793 seconds
  Import took 0.009779 seconds .

========================================================================
Received Import Request.
  Time since last request: 0.109328 seconds.
  path: Assets/_SampleData/ShaderSamples/06_Patterns/Shader/HeartGradient.shadergraph
  artifactKey: Guid(ab21d6731cb0cd3499603a1dc295fa88) Importer(815301076,1909f56bfc062723c751e8b465ee728b)
Start importing Assets/_SampleData/ShaderSamples/06_Patterns/Shader/HeartGradient.shadergraph using Guid(ab21d6731cb0cd3499603a1dc295fa88) Importer(815301076,1909f56bfc062723c751e8b465ee728b)  -> (artifact id: '459a291233bec5b076952bc9de14081e') in 0.003440 seconds
  Import took 0.009173 seconds .

========================================================================
Received Import Request.
  Time since last request: 190.991966 seconds.
  path: Assets/_SampleData/ShaderSamples/06_Patterns/Sample006_Patterns.unity
  artifactKey: Guid(e69071b864e123644b0728a8b64992b0) Importer(815301076,1909f56bfc062723c751e8b465ee728b)
Start importing Assets/_SampleData/ShaderSamples/06_Patterns/Sample006_Patterns.unity using Guid(e69071b864e123644b0728a8b64992b0) Importer(815301076,1909f56bfc062723c751e8b465ee728b)  -> (artifact id: '58a4643a181f1883aa03c9b9e299d8a3') in 0.006462 seconds
  Import took 0.012426 seconds .

========================================================================
Received Import Request.
  Time since last request: 143.619300 seconds.
  path: Assets/_SampleData/ShaderSamples/06_Patterns/Textures/heart-gradient.png
  artifactKey: Guid(cc0886c4ea4601a4180900b749585acb) Importer(815301076,1909f56bfc062723c751e8b465ee728b)
Start importing Assets/_SampleData/ShaderSamples/06_Patterns/Textures/heart-gradient.png using Guid(cc0886c4ea4601a4180900b749585acb) Importer(815301076,1909f56bfc062723c751e8b465ee728b)  -> (artifact id: 'bbdc00f450b3c643273643e08a58493a') in 0.010448 seconds
  Import took 0.017356 seconds .

========================================================================
Received Import Request.
  Time since last request: 723.300953 seconds.
  path: Assets/_SampleData/ShaderSamples/06_Patterns/SVG/favourite.svg
  artifactKey: Guid(4b62af427c0fea34baac4391e044a3a5) Importer(815301076,1909f56bfc062723c751e8b465ee728b)
Start importing Assets/_SampleData/ShaderSamples/06_Patterns/SVG/favourite.svg using Guid(4b62af427c0fea34baac4391e044a3a5) Importer(815301076,1909f56bfc062723c751e8b465ee728b)  -> (artifact id: '0162b556f8fee5d2bc150570f241dd89') in 0.009067 seconds
  Import took 0.015351 seconds .

========================================================================
Received Import Request.
  Time since last request: 17.249977 seconds.
  path: Assets/_SampleData/ShaderSamples/06_Patterns/Textures/favourite-gradient.png
  artifactKey: Guid(cc0886c4ea4601a4180900b749585acb) Importer(815301076,1909f56bfc062723c751e8b465ee728b)
Start importing Assets/_SampleData/ShaderSamples/06_Patterns/Textures/favourite-gradient.png using Guid(cc0886c4ea4601a4180900b749585acb) Importer(815301076,1909f56bfc062723c751e8b465ee728b)  -> (artifact id: '6d704680bf8f7fafd931912bd5a071b1') in 0.014886 seconds
  Import took 0.020708 seconds .

========================================================================
Received Import Request.
  Time since last request: 0.001584 seconds.
  path: Assets/_SampleData/ShaderSamples/06_Patterns/Textures/favourite-gradient.png
  artifactKey: Guid(cc0886c4ea4601a4180900b749585acb) Importer(815301076,1909f56bfc062723c751e8b465ee728b)
Start importing Assets/_SampleData/ShaderSamples/06_Patterns/Textures/favourite-gradient.png using Guid(cc0886c4ea4601a4180900b749585acb) Importer(815301076,1909f56bfc062723c751e8b465ee728b)  -> (artifact id: '6d704680bf8f7fafd931912bd5a071b1') in 0.010013 seconds
  Import took 0.016219 seconds .

========================================================================
Received Import Request.
  Time since last request: 49.005162 seconds.
  path: Assets/_SampleData/ShaderSamples/06_Patterns/Textures
  artifactKey: Guid(320080dd69734ee49814a562df5a5cdd) Importer(815301076,1909f56bfc062723c751e8b465ee728b)
Start importing Assets/_SampleData/ShaderSamples/06_Patterns/Textures using Guid(320080dd69734ee49814a562df5a5cdd) Importer(815301076,1909f56bfc062723c751e8b465ee728b)  -> (artifact id: '478fac52fcbf9fb9efe2f0826380c111') in 0.020960 seconds
  Import took 0.026503 seconds .

========================================================================
Received Import Request.
  Time since last request: 1.015308 seconds.
  path: Assets/_SampleData/ShaderSamples/06_Patterns/SVG
  artifactKey: Guid(5c42a9355db3a5549ad4b521b1650fb7) Importer(815301076,1909f56bfc062723c751e8b465ee728b)
Start importing Assets/_SampleData/ShaderSamples/06_Patterns/SVG using Guid(5c42a9355db3a5549ad4b521b1650fb7) Importer(815301076,1909f56bfc062723c751e8b465ee728b)  -> (artifact id: 'ff351e0026292f9c2751f51816a3a3c4') in 0.006000 seconds
  Import took 0.011765 seconds .

========================================================================
Received Import Request.
  Time since last request: 32.427822 seconds.
  path: Assets/_SampleData/ShaderSamples/07_UIClipAnimation/SVG/ok-circle.svg
  artifactKey: Guid(01f6667fa9353e14f803f49fd6dfbbb9) Importer(815301076,1909f56bfc062723c751e8b465ee728b)
Start importing Assets/_SampleData/ShaderSamples/07_UIClipAnimation/SVG/ok-circle.svg using Guid(01f6667fa9353e14f803f49fd6dfbbb9) Importer(815301076,1909f56bfc062723c751e8b465ee728b)  -> (artifact id: '57e172bfd65ee24d1a691bd4ae3d6ebd') in 0.006888 seconds
  Import took 0.012381 seconds .

========================================================================
Received Import Request.
  Time since last request: 0.000724 seconds.
  path: Assets/_SampleData/ShaderSamples/07_UIClipAnimation/SVG/ok-circle.svg
  artifactKey: Guid(01f6667fa9353e14f803f49fd6dfbbb9) Importer(815301076,1909f56bfc062723c751e8b465ee728b)
Start importing Assets/_SampleData/ShaderSamples/07_UIClipAnimation/SVG/ok-circle.svg using Guid(01f6667fa9353e14f803f49fd6dfbbb9) Importer(815301076,1909f56bfc062723c751e8b465ee728b)  -> (artifact id: '57e172bfd65ee24d1a691bd4ae3d6ebd') in 0.003657 seconds
  Import took 0.009499 seconds .

========================================================================
Received Import Request.
  Time since last request: 1.180056 seconds.
  path: Assets/_SampleData/ShaderSamples/07_UIClipAnimation/SVG/3D709AB9.png
  artifactKey: Guid(738d3a608d5bcca44abaf91cf9367314) Importer(815301076,1909f56bfc062723c751e8b465ee728b)
Start importing Assets/_SampleData/ShaderSamples/07_UIClipAnimation/SVG/3D709AB9.png using Guid(738d3a608d5bcca44abaf91cf9367314) Importer(815301076,1909f56bfc062723c751e8b465ee728b)  -> (artifact id: '1793d95043b0f5f395301f11b36dff7a') in 0.013600 seconds
  Import took 0.020779 seconds .

========================================================================
Received Import Request.
  Time since last request: 0.001723 seconds.
  path: Assets/_SampleData/ShaderSamples/07_UIClipAnimation/SVG/3D709AB9.png
  artifactKey: Guid(738d3a608d5bcca44abaf91cf9367314) Importer(815301076,1909f56bfc062723c751e8b465ee728b)
Start importing Assets/_SampleData/ShaderSamples/07_UIClipAnimation/SVG/3D709AB9.png using Guid(738d3a608d5bcca44abaf91cf9367314) Importer(815301076,1909f56bfc062723c751e8b465ee728b)  -> (artifact id: '1793d95043b0f5f395301f11b36dff7a') in 0.005466 seconds
  Import took 0.010896 seconds .

========================================================================
Received Import Request.
  Time since last request: 1.101129 seconds.
  path: Assets/_SampleData/ShaderSamples/07_UIClipAnimation/SVG/3D709AB8.png
  artifactKey: Guid(dfa6ac50546182744bd7a0c586fbcd42) Importer(815301076,1909f56bfc062723c751e8b465ee728b)
Start importing Assets/_SampleData/ShaderSamples/07_UIClipAnimation/SVG/3D709AB8.png using Guid(dfa6ac50546182744bd7a0c586fbcd42) Importer(815301076,1909f56bfc062723c751e8b465ee728b)  -> (artifact id: 'fafdfd01fe428fb3bd2baf01a55f2595') in 0.013220 seconds
  Import took 0.019083 seconds .

========================================================================
Received Import Request.
  Time since last request: 28.390878 seconds.
  path: Assets/_SampleData/ShaderSamples/07_UIClipAnimation/SVG/ok-ring.svg
  artifactKey: Guid(aee733006f3b3ba4e84d872371bda4d2) Importer(815301076,1909f56bfc062723c751e8b465ee728b)
Start importing Assets/_SampleData/ShaderSamples/07_UIClipAnimation/SVG/ok-ring.svg using Guid(aee733006f3b3ba4e84d872371bda4d2) Importer(815301076,1909f56bfc062723c751e8b465ee728b)  -> (artifact id: '65696574dc335b9f72c16cb01cfc5087') in 0.006573 seconds
  Import took 0.012387 seconds .

========================================================================
Received Import Request.
  Time since last request: 0.011458 seconds.
  path: Assets/_SampleData/ShaderSamples/07_UIClipAnimation/SVG/ok-ring.svg
  artifactKey: Guid(aee733006f3b3ba4e84d872371bda4d2) Importer(815301076,1909f56bfc062723c751e8b465ee728b)
Start importing Assets/_SampleData/ShaderSamples/07_UIClipAnimation/SVG/ok-ring.svg using Guid(aee733006f3b3ba4e84d872371bda4d2) Importer(815301076,1909f56bfc062723c751e8b465ee728b)  -> (artifact id: '65696574dc335b9f72c16cb01cfc5087') in 0.003090 seconds
  Import took 0.009078 seconds .

========================================================================
Received Import Request.
  Time since last request: 2.218231 seconds.
  path: Assets/_SampleData/ShaderSamples/07_UIClipAnimation/SVG/B9E1B5D9.png
  artifactKey: Guid(31dd3124d973ce9448543eeea373058d) Importer(815301076,1909f56bfc062723c751e8b465ee728b)
Start importing Assets/_SampleData/ShaderSamples/07_UIClipAnimation/SVG/B9E1B5D9.png using Guid(31dd3124d973ce9448543eeea373058d) Importer(815301076,1909f56bfc062723c751e8b465ee728b)  -> (artifact id: '680bbe0b2d4c87a8fd9709f1cd5ee8f3') in 0.009346 seconds
  Import took 0.016365 seconds .

========================================================================
Received Import Request.
  Time since last request: 0.591592 seconds.
  path: Assets/_SampleData/ShaderSamples/07_UIClipAnimation/SVG/B9E1B5D8.png
  artifactKey: Guid(e4987e9924754164aaf3bca5b80a15ff) Importer(815301076,1909f56bfc062723c751e8b465ee728b)
Start importing Assets/_SampleData/ShaderSamples/07_UIClipAnimation/SVG/B9E1B5D8.png using Guid(e4987e9924754164aaf3bca5b80a15ff) Importer(815301076,1909f56bfc062723c751e8b465ee728b)  -> (artifact id: 'dca93d5ad9fef8d7330112b2cf4ada06') in 0.010011 seconds
  Import took 0.015998 seconds .

========================================================================
Received Import Request.
  Time since last request: 0.002311 seconds.
  path: Assets/_SampleData/ShaderSamples/07_UIClipAnimation/SVG/B9E1B5D8.png
  artifactKey: Guid(e4987e9924754164aaf3bca5b80a15ff) Importer(815301076,1909f56bfc062723c751e8b465ee728b)
Start importing Assets/_SampleData/ShaderSamples/07_UIClipAnimation/SVG/B9E1B5D8.png using Guid(e4987e9924754164aaf3bca5b80a15ff) Importer(815301076,1909f56bfc062723c751e8b465ee728b)  -> (artifact id: 'dca93d5ad9fef8d7330112b2cf4ada06') in 0.006281 seconds
  Import took 0.011925 seconds .

========================================================================
Received Import Request.
  Time since last request: 5.431121 seconds.
  path: Assets/_SampleData/ShaderSamples/07_UIClipAnimation/SVG
  artifactKey: Guid(817d2190d807463468e49e4b724a97ef) Importer(815301076,1909f56bfc062723c751e8b465ee728b)
Start importing Assets/_SampleData/ShaderSamples/07_UIClipAnimation/SVG using Guid(817d2190d807463468e49e4b724a97ef) Importer(815301076,1909f56bfc062723c751e8b465ee728b)  -> (artifact id: '2997c75d5df0697d17d44cac74d86a9d') in 0.002485 seconds
  Import took 0.007835 seconds .

========================================================================
Received Import Request.
  Time since last request: 0.001520 seconds.
  path: Assets/_SampleData/ShaderSamples/07_UIClipAnimation/SVG
  artifactKey: Guid(817d2190d807463468e49e4b724a97ef) Importer(815301076,1909f56bfc062723c751e8b465ee728b)
Start importing Assets/_SampleData/ShaderSamples/07_UIClipAnimation/SVG using Guid(817d2190d807463468e49e4b724a97ef) Importer(815301076,1909f56bfc062723c751e8b465ee728b)  -> (artifact id: '2997c75d5df0697d17d44cac74d86a9d') in 0.002390 seconds
  Import took 0.007058 seconds .

========================================================================
Received Import Request.
  Time since last request: 334.532338 seconds.
  path: Assets/_SampleData/ShaderSamples/06_Patterns/Shader/HeartGradient.shadergraph
  artifactKey: Guid(ab21d6731cb0cd3499603a1dc295fa88) Importer(815301076,1909f56bfc062723c751e8b465ee728b)
Start importing Assets/_SampleData/ShaderSamples/06_Patterns/Shader/HeartGradient.shadergraph using Guid(ab21d6731cb0cd3499603a1dc295fa88) Importer(815301076,1909f56bfc062723c751e8b465ee728b)  -> (artifact id: '9565fa64675bca41e9a363c58cc464dd') in 0.008393 seconds
  Import took 0.015011 seconds .

========================================================================
Received Import Request.
  Time since last request: 0.001062 seconds.
  path: Assets/_SampleData/ShaderSamples/06_Patterns/Shader/HeartGradient.shadergraph
  artifactKey: Guid(ab21d6731cb0cd3499603a1dc295fa88) Importer(815301076,1909f56bfc062723c751e8b465ee728b)
Start importing Assets/_SampleData/ShaderSamples/06_Patterns/Shader/HeartGradient.shadergraph using Guid(ab21d6731cb0cd3499603a1dc295fa88) Importer(815301076,1909f56bfc062723c751e8b465ee728b)  -> (artifact id: '9565fa64675bca41e9a363c58cc464dd') in 0.003460 seconds
  Import took 0.009536 seconds .

========================================================================
Received Import Request.
  Time since last request: 56.705365 seconds.
  path: Assets/_SampleData/ShaderSamples/06_Patterns/Textures/star-gradient.png
  artifactKey: Guid(aa78ba9ecb64a814f881e30385d4c826) Importer(815301076,1909f56bfc062723c751e8b465ee728b)
Start importing Assets/_SampleData/ShaderSamples/06_Patterns/Textures/star-gradient.png using Guid(aa78ba9ecb64a814f881e30385d4c826) Importer(815301076,1909f56bfc062723c751e8b465ee728b)  -> (artifact id: '95e5065d7104422cdd502896e31641ad') in 0.015087 seconds
  Import took 0.021441 seconds .

========================================================================
Received Import Request.
  Time since last request: 2.126041 seconds.
  path: Assets/_SampleData/ShaderSamples/06_Patterns/Textures/star-gradient.png
  artifactKey: Guid(aa78ba9ecb64a814f881e30385d4c826) Importer(815301076,1909f56bfc062723c751e8b465ee728b)
Start importing Assets/_SampleData/ShaderSamples/06_Patterns/Textures/star-gradient.png using Guid(aa78ba9ecb64a814f881e30385d4c826) Importer(815301076,1909f56bfc062723c751e8b465ee728b)  -> (artifact id: '45cffdffd670b607ac7d8a4e9889d322') in 0.010884 seconds
  Import took 0.017039 seconds .

========================================================================
Received Import Request.
  Time since last request: 103.972754 seconds.
  path: Assets/_SampleData/ShaderSamples/06_Patterns/Textures/favourite-gradient.png
  artifactKey: Guid(cc0886c4ea4601a4180900b749585acb) Importer(815301076,1909f56bfc062723c751e8b465ee728b)
Start importing Assets/_SampleData/ShaderSamples/06_Patterns/Textures/favourite-gradient.png using Guid(cc0886c4ea4601a4180900b749585acb) Importer(815301076,1909f56bfc062723c751e8b465ee728b)  -> (artifact id: 'a441f5d8009b5643170768e2e5149dd7') in 0.010193 seconds
  Import took 0.016503 seconds .

AssetImportWorkerClient::OnTransportError - code=2 error=End of file
